[www.avax.network/index.html]
[backblue.gif]
[fade.gif]
[index.html]
[assets-global.website-files.com/632993e1d1acbfa5635afd0b/css/avalanche-staging.01c88bf32.css]
[ajax.googleapis.com/ajax/libs/webfont/1.6.26/webfont.js]
[assets-global.website-files.com/632993e1d1acbfa5635afd0b/63515267b3214c6dda03ea97_Favicon.png]
[assets-global.website-files.com/632993e1d1acbfa5635afd0b/635153472587c97c19234198_Webclip.jpg]
[app.termly.io/embed.min.js]
[www.avax.network/developers.html]
[www.avax.network/validators.html]
[www.avax.network/get-started.html]
[www.avax.network/enterprise.html]
[www.avax.network/evergreen.html]
[www.avax.network/evergreen-case-study.html]
[www.avax.network/blog.html]
[www.avax.network/press.html]
[www.avax.network/contact.html]
[assets-global.website-files.com/632993e1d1acbfa5635afd0b/636ed40aa2ecca2992c58131_stani.png]
[assets-global.website-files.com/632993e1d1acbfa5635afd0b/636c17b9a8793e98858f10c6_download (1).jpg]
[assets-global.website-files.com/632993e1d1acbfa5635afd0b/636c1777c0f5759effd3d20b_download.jpg]
[assets-global.website-files.com/632993e1d1acbfa5635afd0b/64260433c7956cd23e90d6c9_1647760168748.jpg]
[www.avax.network/legal.html]
[d3e54v103j8qbb.cloudfront.net/js/jquery-3.5.1.min.dc5e7f18c8395c.js]
[assets-global.website-files.com/632993e1d1acbfa5635afd0b/js/avalanche-staging.ec18a01e4.js]
[www.avax.network/index.html]
[cdn.jsdelivr.net/particles.js/2.0.0/particles.min.js]
[assets-global.website-files.com/632993e1d1acbfa5635afd0b/63d69fa5737d3669d09dbb9d_header-gradient-bg.png]
[assets-global.website-files.com/632993e1d1acbfa5635afd0b/63dc36e48f7a0738974b410e_280613369_518559493238457_4256480724870602211_n.jpg]
[assets-global.website-files.com/632993e1d1acbfa5635afd0b/64031d624b5726503573aa87_Gradient BG-min.jpg]
[assets-global.website-files.com/632993e1d1acbfa5635afd0b/64de414fbba23f9e2ca78e68_AvalancheHouse-BG.png]
[assets-global.website-files.com/632993e1d1acbfa5635afd0b/css/avalanche-staging.01c88bf32.css]
[www.googletagmanager.com/gtm5445.html]
[unpkg.com/swiper/swiper-bundle.min.1c.delayed]
[unpkg.com/swiper@10.2.0/swiper-bundle.min.css]
[unpkg.com/swiper/swiper-bundle.min.1e.delayed]
[unpkg.com/swiper@10.2.0/swiper-bundle.min.js]
[assets-global.website-files.com/632993e1d1acbfa5635afd0b/649b6abaaa4e7d3ae1928490_348282909_176262241734533_7096225706874394620_n.jpg]
[assets-global.website-files.com/632993e1d1acbfa5635afd0b/649b6b98a9b74b80cdde1c82_349012726_262409949613339_590747255525942615_n.jpg]
[assets-global.website-files.com/632993e1d1acbfa5635afd0b/649b6bb9a9b74b80cdde439b_349183210_263037992913231_5926817698337538336_n.jpg]
[assets-global.website-files.com/632993e1d1acbfa5635afd0b/64096e9c2cd6f72e99ba13d0_52044675637_8ac9a2322c_k.jpg]
[assets-global.website-files.com/632993e1d1acbfa5635afd0b/649b691a48e763d7e62b5c68_270138670_434598808301193_5793727337981142134_n.jpg]
[assets-global.website-files.com/632993e1d1acbfa5635afd0b/64096d6b3d2118b04e366a01_52045396406_98de6c80be_o.jpg]
[www.avax.network/developers.html]
[www.avax.network/privacy-policy.html]
[cdn.jsdelivr.net/npm/@splidejs/splide@4.1.4/dist/js/splide.min.js]
[cdn.jsdelivr.net/npm/@splidejs/splide@4.1.4/dist/css/splide.min.css]
[www.avax.network/validators.html]
[assets-global.website-files.com/632993e1d1acbfa5635afd0b/649b7800f5ffed205f0f770f_Screenshot 2023-06-27 at 7.59.53 PM.png]
[assets-global.website-files.com/632993e1d1acbfa5635afd0b/649b7849b93a4669f28fb6fd_Screenshot 2023-06-27 at 8.01.06 PM.png]
[assets-global.website-files.com/632993e1d1acbfa5635afd0b/649b788700859a4354acc45a_Screenshot 2023-06-27 at 8.02.10 PM.png]
[assets-global.website-files.com/632993e1d1acbfa5635afd0b/635fd7228ac008332b4dd5bf_twitter.png]
[assets-global.website-files.com/632993e1d1acbfa5635afd0b/635fd7226c0ae050f0748078_youtube.png]
[assets-global.website-files.com/632993e1d1acbfa5635afd0b/635fd72252202f3c327c2109_discord.png]
[assets-global.website-files.com/632993e1d1acbfa5635afd0b/642607c8b838c2f858ffde6b_52045474673_b6fe5e0e4a_c.jpg]
[assets-global.website-files.com/632993e1d1acbfa5635afd0b/63dc36e4eeb59d8c0f62b04c_52607176259_fe7c1fd1d8_o.jpg]
[assets-global.website-files.com/632993e1d1acbfa5635afd0b/63dc36e40b4bf2bfd06536d2_280617027_518559753238431_5134244400428851898_n.jpg]
[assets-global.website-files.com/632993e1d1acbfa5635afd0b/63dc36e42c38f32c7b78a7fe_269571026_434597894967951_3162242635011783583_n.jpg]
[www.avax.network/non-fungible-tokens.html]
[www.avax.network/get-started.html]
[www.avax.network/decentralized-finance-defi.html]
[assets-global.website-files.com/632993e1d1acbfa5635afd0b/6357d47f8d4c02c212c04c47_kkr-logo.png]
[assets-global.website-files.com/632993e1d1acbfa5635afd0b/640971c9d8cc0cbe15ffe067_1516941088166.jpg]
[assets-global.website-files.com/632993e1d1acbfa5635afd0b/637e5a7bfb4b6d4a2762fb14_2E4O52tn_400x400.jpg]
[assets-global.website-files.com/632993e1d1acbfa5635afd0b/63e5786ff143e34061b28632_AWS_Static.jpg]
[www.avax.network/enterprise.html]
[assets-global.website-files.com/632993e1d1acbfa5635afd0b/644985ff8c3ec2f90ff84159_image 1 (1).png]
[assets-global.website-files.com/632993e1d1acbfa5635afd0b/64b170689cc1b53bf78b9012_Reflexivity-Research-logo.png]
[www.avax.network/reflexivity-evergreen-case-study.html]
[assets-global.website-files.com/632993e1d1acbfa5635afd0b/64cd1e1afdc2df382778730d_IntainCaseStudy_ImageR1_Small.png]
[www.avax.network/evergreen-fact-sheet.html]
[assets-global.website-files.com/632993e1d1acbfa5635afd0b/64c2d3a01cfc3a7a94f9d488_Avalanche_R3_STill.png]
[www.avax.network/blog/avalanche-foundation-vista-asset-tokenization.html]
[assets-global.website-files.com/632993e1d1acbfa5635afd0b/64d28cf0a65f0c4915dc07dd_TheBlockCaseStudy_ImageR1.png]
[www.avax.network/evergreen.html]
[assets-global.website-files.com/632993e1d1acbfa5635afd0b/64498fea71ea06c62dcb7491_IntainCaseStudy_ImageR1.png]
[www.avax.network/evergreen-case-study.html]
[cdn.jsdelivr.net/npm/@finsweet/attributes-cmsfilter@1/cmsfilter.js]
[www.avax.network/category/defi.html]
[www.avax.network/category/nft.html]
[www.avax.network/category/community.html]
[www.avax.network/blog/nft-marketplace-hyperspace-makes-evm-debut-on-avalanche.html]
[assets-global.website-files.com/6347ee29ff5e8757db1b4853/64f92a8ac1df3be5ee942f46_AvalancheHyperspace3.png]
[www.avax.network/blog/multiswap-launches-with-plan-to-unlock-swaps-of-300-assets-in-a-single-transaction-on-avalanche.html]
[assets-global.website-files.com/6347ee29ff5e8757db1b4853/64f924c3341657e5f7ab0031_CavalRe.png]
[www.avax.network/blog/korean-game-publisher-neowiz-and-ava-labs-form-partnership.html]
[assets-global.website-files.com/6347ee29ff5e8757db1b4853/64f92c8cc9076d52963e00db_AvalancheArcade_NEOWIZ_IntellaX.png]
[www.avax.network/blog/playthink-and-loyalty-marketing-announce-web3-ecosystem-avalanche.html]
[assets-global.website-files.com/6347ee29ff5e8757db1b4853/64f7dd9dd2bc4a19c89369b6_Avalanche_Ponta_AnnounceR1.png]
[www.avax.network/blog/tokenization-on-chain-cash-management.html]
[assets-global.website-files.com/6347ee29ff5e8757db1b4853/64eec405d81415ffcacc1baf_Tokenization_16_9.png]
[assets-global.website-files.com/6347ee29ff5e8757db1b4853/64ef61bbd1b55aef1e5e1397_Avaissance Spotlight Illustrations 2_1.png]
[assets-global.website-files.com/6347ee29ff5e8757db1b4853/64dd37a3b98421a6a5792a33_Dexalot Multiverse  2_1.png]
[assets-global.website-files.com/6347ee29ff5e8757db1b4853/64de8f06692afc2979b4f653_image2.png]
[assets-global.website-files.com/6347ee29ff5e8757db1b4853/64dccfbdeac64869d36e1d29_Elastic Era Blog.png]
[www.avax.network/blog/sigma-prime-to-expand-security-tooling-for-avalanche.html]
[assets-global.website-files.com/6347ee29ff5e8757db1b4853/64d2ab4b13d8ef5405906f0f_BannerSigmaGraphic.png]
[assets-global.website-files.com/6347ee29ff5e8757db1b4853/64d57542920ced9d9e42b524_Avalanche Watch_July 2023.png]
[assets-global.website-files.com/6347ee29ff5e8757db1b4853/64d4f4aabd8477d4fde251f8__Blockpay_AvalanchePartner_TW_1600x900px.png]
[assets-global.website-files.com/6347ee29ff5e8757db1b4853/64cbfd24a067ce95b9c03327_image1.png]
[assets-global.website-files.com/6347ee29ff5e8757db1b4853/64c9011a9ad227d0792fc9d6_Avalanche_Balancer_16x9.png]
[www.avax.network/blog/solert-games-launches-dedicated-subnet-debuts-legends-at-war-on-avalanche.html]
[assets-global.website-files.com/6347ee29ff5e8757db1b4853/64c1368bae9363701d1035ab_AvalancheGaming_LegendsAtWar_Solert_R1.png]
[assets-global.website-files.com/6347ee29ff5e8757db1b4853/64bfcf827add0dfb0f6cd770_Avalanche_R3_STill (1).png]
[assets-global.website-files.com/6347ee29ff5e8757db1b4853/64b96d290a974f4e32b28843_Avaissance NFT Spotlight_Photographers v3_2_1.png]
[www.avax.network/blog/what-is-asset-tokenization-why-why-now.html]
[assets-global.website-files.com/6347ee29ff5e8757db1b4853/64b69a0120892df49e225af2_Tokenization_16_9 (2).png]
[assets-global.website-files.com/6347ee29ff5e8757db1b4853/64b4d77df4ca73c8263a740b_Hug X Avaissance Twitter (1).png]
[assets-global.website-files.com/6347ee29ff5e8757db1b4853/64aed20eb9b439dc5ad90add_Screenshot 2023-07-11 at 10.18.25 PM.png]
[assets-global.website-files.com/6347ee29ff5e8757db1b4853/64ab8e9e0d68b0a8ab7c8e47_Avalanche Watch_JUne 2023.png]
[assets-global.website-files.com/6347ee29ff5e8757db1b4853/64a8623da0e69ebdfd2585df_image5.png]
[assets-global.website-files.com/6347ee29ff5e8757db1b4853/64a9fd70b81f4f0a9b5b2570_Eric_Forgy_AvalanchePartner_TW_1600x900px.png]
[assets-global.website-files.com/6347ee29ff5e8757db1b4853/64998b8d11ce28b0519f30a0_Avalanche_Struct_Twitter_16x9 B.png]
[assets-global.website-files.com/6347ee29ff5e8757db1b4853/648364c4471e6e377b9a9180_BLOG-Avalanche Arcad3_1_2Medium.png]
[assets-global.website-files.com/6347ee29ff5e8757db1b4853/647f44c4c82a9016c4b61761_MAIN TWIT HANDLE -  NFTTixred_AvalanchePartner_TW_1600x900_B.png]
[assets-global.website-files.com/6347ee29ff5e8757db1b4853/647e1aaf1461040b03e34b4b_Avalanche Watch_May 2023.png]
[assets-global.website-files.com/6347ee29ff5e8757db1b4853/646f80151303f666573fef8d_Euro coin Twitter Final (1).png]
[assets-global.website-files.com/6347ee29ff5e8757db1b4853/646f956d0ea32d43071b3d04_Fw00Ef5WcAEnHRs.jpg]
[assets-global.website-files.com/6347ee29ff5e8757db1b4853/646e1e0768fa00b48242e98d_AvaCloud_Announce_Medium (1).png]
[assets-global.website-files.com/6347ee29ff5e8757db1b4853/64677dbc5178e3a595130779_Momentum Blog Post.jpg]
[assets-global.website-files.com/6347ee29ff5e8757db1b4853/6464f64be5aab24c6434fb78_Avalanche Watch_April 2023.png]
[assets-global.website-files.com/6347ee29ff5e8757db1b4853/645ac3c5709c8bec4343c1c9_Avaissance for NFT creators.png]
[assets-global.website-files.com/6347ee29ff5e8757db1b4853/645a7b4887477d4015cc7d3f_Introducing GGP 2.png]
[assets-global.website-files.com/6347ee29ff5e8757db1b4853/6454ebe67e02ba7d6e8ebe60_Functions Banner.png]
[assets-global.website-files.com/6347ee29ff5e8757db1b4853/6453c3ce5140161511d6bba3_Cloudverse_Avalanche_Medium_Banner (1).jpg]
[assets-global.website-files.com/6347ee29ff5e8757db1b4853/64522eb2a75e4bee8f817965_MEDIUM 2_1 Ratio Final v2.png]
[assets-global.website-files.com/6347ee29ff5e8757db1b4853/644ad533809f3347c2ecdd4b_AvalancheDeveloperSpotlight_Medium_1000x500px.png]
[assets-global.website-files.com/6347ee29ff5e8757db1b4853/64304738d0882e7337ac04b6_Avalanche_SKPlanet_Announce_Medium.png]
[assets-global.website-files.com/6347ee29ff5e8757db1b4853/643048035991235861f5d089_Gunzilla Post Medium v2.png]
[assets-global.website-files.com/6347ee29ff5e8757db1b4853/642725c5cd878401c2505fd5_Developer_AvalanchePartner_TW_1000x500px.png]
[assets-global.website-files.com/6347ee29ff5e8757db1b4853/6427257ae1b1eb95a8b25728_KeyVisual.png]
[assets-global.website-files.com/6347ee29ff5e8757db1b4853/642723383c3b41c8b50dee65_IMG_0545.png]
[assets-global.website-files.com/6347ee29ff5e8757db1b4853/64260c0f2b09044ebe89ebf2_0_kGlelUzrl4NQe6k_.png]
[assets-global.website-files.com/6347ee29ff5e8757db1b4853/64260b1a46073d7b2ed95e8f_0_KDIlHIPogymlg5_E.png]
[assets-global.website-files.com/6347ee29ff5e8757db1b4853/640bc1d94379a357351964c3_0_cvWDxFe81L23Vqur.png]
[assets-global.website-files.com/6347ee29ff5e8757db1b4853/640bbee209bfca04995a735e_0_FcBx7XZ9ukKhqBHQ.png]
[assets-global.website-files.com/6347ee29ff5e8757db1b4853/640bb7588441823a1ccda72b_0_e2p8ExHpC2KqGa80.png]
[assets-global.website-files.com/6347ee29ff5e8757db1b4853/640bb15365cb72efb15b7eef_0_VwbQPiaD7XtAhDNm.png]
[assets-global.website-files.com/6347ee29ff5e8757db1b4853/63d7fc10725d2d41691f5f39_AvalanchePark_MusicFest (1).png]
[assets-global.website-files.com/6347ee29ff5e8757db1b4853/63d7fc82afe7f9110379cdf2_23AVAX_DevSpotlight_Asim_BlogHeader.jpg]
[assets-global.website-files.com/6347ee29ff5e8757db1b4853/63d575939eb1ee07ec653309_63d561f08129c881da6aee31_AWS_Static.jpg]
[assets-global.website-files.com/6347ee29ff5e8757db1b4853/63d57593203c59d7925fa163_63d561f08129c867ab6aee30_0_BVdFKqdm2bKTw-DF.png]
[assets-global.website-files.com/6347ee29ff5e8757db1b4853/63d575939eb1ee256a65330a_63d561f08129c827ec6aee39_0_NcofOcAbjlO6POp8.png]
[assets-global.website-files.com/6347ee29ff5e8757db1b4853/63d57594d8cef95332ce097e_63d561f08129c81c6d6aee3d_0_BWODeuaaWfIaAW_C.png]
[assets-global.website-files.com/6347ee29ff5e8757db1b4853/63d57594874a876227c2d0d9_63d561f08129c86ead6aee3e_0_f20059aia93dKbuW.png]
[assets-global.website-files.com/6347ee29ff5e8757db1b4853/63d57593a645372c37bc9335_63d561f08129c8091a6aee3f_0_FzlJRWR9ruvAcd6r.png]
[assets-global.website-files.com/6347ee29ff5e8757db1b4853/63d575936aee26f1313a65f1_63d561f08129c862d46aee41_0_sS3e7XSPZrqQg-fS.png]
[assets-global.website-files.com/6347ee29ff5e8757db1b4853/64107873db07f373f0698ab2_0_W5yNDskBSCWn4kdG.png]
[assets-global.website-files.com/6347ee29ff5e8757db1b4853/63d57594d8cef94a84ce097d_63d561f08129c808066aee22_Gree_AvalanchePartner_TW_1000x500px%20(1).png]
[www.avax.network/blog.html]
[assets-global.website-files.com/6347ee29ff5e8757db1b4853/64274008625193f3a53201cc_TYB2_Avalanche_TW_1000x500px.png]
[assets-global.website-files.com/6347ee29ff5e8757db1b4853/64273eaca21b57d91a188fc2_AvalancheTSMBlitz_1500x750.png]
[assets-global.website-files.com/6347ee29ff5e8757db1b4853/64273e0907c9bb1d828894b9_GZVWSPMMZNFA3IJXETIPIFFROY.png]
[assets-global.website-files.com/6347ee29ff5e8757db1b4853/64273d1cf9d51a1a8573b71b_Tencent blog.png]
[assets-global.website-files.com/6347ee29ff5e8757db1b4853/63e2dad94570aadf65f39421_Screen Shot 2023-02-07 at 3.12.08 PM.png]
[assets-global.website-files.com/6347ee29ff5e8757db1b4853/63d7fb5a28e74c95c8fa7e43_AWS_Static.jpg]
[assets-global.website-files.com/6347ee29ff5e8757db1b4853/63d7fa87fbcd9a7d033e5be1_6e6ca4a1-61c7-41de-b07b-dd9bbe8dcdb9.jpg]
[assets-global.website-files.com/6347ee29ff5e8757db1b4853/63d7f3a77cf3317fa1352fb8_Screen Shot 2023-01-30 at 8.43.07 AM.png]
[assets-global.website-files.com/6347ee29ff5e8757db1b4853/635eafa9799bce5728130c6b_IMH2GP7ZU5GLTGC4LAH7UJDANM.jpg]
[assets-global.website-files.com/6347ee29ff5e8757db1b4853/635eaf6578332f55e23cb9b0_104977175-GettyImages-903721318.jpg]
[assets-global.website-files.com/6347ee29ff5e8757db1b4853/635eae2a6c0ae0cae06582ad_61bb747d4b8a6404eede87cf_o_U_v2.jpg]
[assets-global.website-files.com/6347ee29ff5e8757db1b4853/635eab9fc7a1a7468d76ebf4_p-1-can-blockchain-tech-help-provide-farmers-get-climate-insurance.jpg]
[assets-global.website-files.com/6347ee29ff5e8757db1b4853/635eaae66c0ae070ff655e0d_107104115-081522_Avalanche_package_thumb.jpg]
[assets-global.website-files.com/6347ee29ff5e8757db1b4853/635eaa51e19fbd7092119f14_20220101_FND002_0.jpg]
[assets-global.website-files.com/6347ee29ff5e8757db1b4853/635ea9f61407d8f902c91fa1_social.jpg]
[assets-global.website-files.com/6347ee29ff5e8757db1b4853/635ea96ef95dcc5f41326438_0x0.jpg]
[www.avax.network/press.html]
[www.avax.network/contact.html]
[www.avax.network/legal.html]
[unpkg.com/swiper@10.2.0/swiper-bundle.min.css]
[www.avax.network/privacy-policy.html]
[cdn.jsdelivr.net/npm/@splidejs/splide@4.1.4/dist/css/splide.min.css]
[assets-global.website-files.com/635baa246e4126e3bd30bcd2/635baa246e412668a430bd20_gallery-image-1-min.jpg]
[www.avax.network/non-fungible-tokens.html]
[www.avax.network/decentralized-finance-defi.html]
[assets-global.website-files.com/632993e1d1acbfa5635afd0b/64c2e8cd2864dd712c8108f1_IntainCaseStudy_ImageR1.png]
[www.avax.network/reflexivity-evergreen-case-study.html]
[assets-global.website-files.com/632993e1d1acbfa5635afd0b/64cd1d27111decbb7557ebb2_FAQCaseStudy_ImageR1.png]
[www.avax.network/evergreen-fact-sheet.html]
[www.avax.network/blog/avalanche-foundation-vista-asset-tokenization.html]
[www.avax.network/category/defi.html]
[www.avax.network/category/nft.html]
[www.avax.network/category/community.html]
[www.avax.network/blog/nft-marketplace-hyperspace-makes-evm-debut-on-avalanche.html]
[www.avax.network/blog/multiswap-launches-with-plan-to-unlock-swaps-of-300-assets-in-a-single-transaction-on-avalanche.html]
[www.avax.network/blog/korean-game-publisher-neowiz-and-ava-labs-form-partnership.html]
[www.avax.network/blog/playthink-and-loyalty-marketing-announce-web3-ecosystem-avalanche.html]
[www.avax.network/blog/tokenization-on-chain-cash-management.html]
[www.avax.network/blog/sigma-prime-to-expand-security-tooling-for-avalanche.html]
[www.avax.network/blog/solert-games-launches-dedicated-subnet-debuts-legends-at-war-on-avalanche.html]
[www.avax.network/blog/what-is-asset-tokenization-why-why-now.html]
[assets-global.website-files.com/6347ee29ff5e8757db1b4853/64b68e226c8a2733e03e2477_eEZ8wcRYyTJRwg076Wu1fad7dh5yG0aH3_O_UZgf3J6XULvWnkYS_gfqtdgpNcLaGumdB0xOeC34EEQOHSLrhtrFWte_GhVM7eSymMncbCwf5ITNLO0_dZOQZ4yJ4fw2rO]
[www.avax.network/blog/avalanche-arcad3-powers-up-web2-gaming-studios-arming-them-to-thrive-in-web3.html]
[www.avax.network/blog/nft-tix-migrates-to-avalanche-and-announces-global-festival-partnerships.html]
[www.avax.network/blog/avalanche-watch-may-edition.html]
[www.avax.network/blog/circle-launches-native-euro-coin-on-avalanche.html]
[www.avax.network/blog/bware-labs-blast-api-uses-avalanche-network-to-deploy-their-staking-protocol.html]
[www.avax.network/blog/ava-labs-announces-avacloud-empowering-businesses-to-launch-custom-fully-managed-blockchains-in-minutes.html]
[www.avax.network/blog/momentum-accelerates-avalanche-nfts.html]
[www.avax.network/blog/avalanche-watch-april.html]
[www.avax.network/blog/how-avalanche-is-making-nfts-more-accessible-to-creatives.html]
[www.avax.network/blog/introducing-gogopool-the-future-of-subnet-development.html]
[www.avax.network/blog/chainlink-functions-now-live-on-avalanche-fuji-helping-bring-the-worlds-apis-to-web3.html]
[www.avax.network/blog/alibaba-cloud-and-its-partners-unlock-rapid-metaverse-deployment-on-avalanche-for-millions-of-cloud-clients.html]
[www.avax.network/blog/developer-spotlight-landslide-to-bridge-avalanche-and-cosmos.html]
[www.avax.network/blog/snickerdoodle-labs-to-launch-consent-layer-on-avalanche-creating-more-equitable-relationships-between-people-brands-data.html]
[www.avax.network/blog/merit-circle-dao-to-launch-gaming-subnet-with-tooling-three-games-and-many-more-to-come.html]
[www.avax.network/blog/financial-institutions-join-avalanche-evergreen-subnet-spruce-to-drive-on-chain-finance-innovation.html]
[www.avax.network/blog/moongate-to-drive-phygital-experience-with-dynamic-avalanche-nfts.html]
[www.avax.network/blog/avalanche-launches-evergreen-subnets-for-institutional-blockchain-deployments.html]
[www.avax.network/blog/sk-planet-announces-uptn-south-koreas-long-awaited-web3-ecosystem-built-on-avalanche.html]
[www.avax.network/blog/gunzilla-launches-aaa-shooter-on-an-avalanche-subnet.html]
[www.avax.network/blog/developer-spotlight-jomari-peterson-says-his-biggest-dapp-is-yet-to-come.html]
[www.avax.network/blog/avalanche-foundation-launches-avaissance-nft-initiative-featuring-artist-residencies-for-50-digital-creators.html]
[www.avax.network/blog/cortina-x-chain-linearization.html]
[www.avax.network/blog/tyb-and-shopify-bring-web3-loyalty-platform-to-major-consumer-brands-powered-by-avalanche.html]
[www.avax.network/blog/ava-labs-accelerates-push-in-asia-with-senior-hires-in-japan-korea.html]
[www.avax.network/blog/simon-fuller-and-now-united-to-release-interactive-film-album-on-avalanche.html]
[www.avax.network/blog/core-launches-discover-for-tracking-the-latest-avalanche-ecosystem-news-events-and-projects.html]
[www.avax.network/blog/defyca-aims-to-bring-1-6t-private-debt-market-on-chain-with-avalanche.html]
[www.avax.network/blog/builder-spotlight-intain-brings-securitized-finance-to-a-subnet.html]
[www.avax.network/blog/tsm-and-avalanche-to-bring-web3-features-to-30-million-gamers.html]
[www.avax.network/blog/core-mobile-now-supports-ios-devices.html]
[www.avax.network/blog/avalanche-watch-february-edition.html]
[www.avax.network/blog/from-the-labs-handling-blockchain-state.html]
[www.avax.network/blog/builder-spotlight-japanese-gaming-pioneer-gree-embraces-avalanche.html]
[www.avax.network/blog/the-glacier-api-beta.html]
[www.avax.network/blog/ava-labs-and-tencent-cloud-enable-rapid-node-deployment-on-the-avalanche-public-blockchain-across-apac.html]
[www.avax.network/blog/introducing-hypersdk-a-foundation-for-the-fastest-blockchains-of-the-future.html]
[www.avax.network/blog/leading-indian-game-streaming-platform-loco-to-create-next-generation-fan-experiences-on-avalanche.html]
[www.avax.network/blog/artist-spotlight-ed-balloon-blending-web2-and-web3-at-avalanche-park.html]
[www.avax.network/blog/dos-labs-launches-subnet-built-for-an-alliance-of-gaming-studios.html]
[www.avax.network/blog/artist-spotlight-the-multisensory-nfts-of-mmoonstudios.html]
[www.avax.network/blog/rune-seeker-builds-next-generation-strategy-card-game-on-avalanche.html]
[www.avax.network/blog/dexalot-launches-first-central-limit-order-book-subnet-on-avalanche-with-1m-in-incentives.html]
[www.avax.network/blog/intain-launches-avalanche-subnet-to-usher-in-new-era-for-multi-trillion-dollar-securitized-finance-market.html]
[www.avax.network/blog/avalanche-explorer-gets-a-brand-new-upgrade-for-all-p-chain-data.html]
[www.avax.network/blog/avalanche-park-x-ed-balloon-concert-series-to-launch-in-dtla-in-february-with-emerging-nft-artists.html]
[www.avax.network/blog/developer-spotlight-usman-asim-has-big-plans-for-rust-and-zks-on-avalanche.html]
[www.avax.network/blog/ava-labs-and-aws-bring-scalable-blockchain-solutions-to-enterprises-and-governments.html]
[www.avax.network/blog/shopify-merchants-avalanche-nfts.html]
[www.avax.network/blog/the-international-chess-federation-brings-chess-into-web3-on-avalanche.html]
[www.avax.network/blog/avalanche-warp-messaging-awm-launches-with-the-first-native-subnet-to-subnet-message-on-avalanche-mainnet.html]
[www.avax.network/blog/core-now-offers-coinbase-pay-as-another-easy-way-to-go-from-cash-to-crypto.html]
[www.avax.network/blog/artist-spotlight-celine-manetta-helps-airbus-celebrate-with-nearly-130-000-employees.html]
[www.avax.network/blog/monsterra-p2e-game-with-50m-battles-fought-in-first-3-months-expands-to-avalanche.html]
[www.avax.network/blog/robinhood-to-educate-millions-of-users-on-all-things-avalanche.html]
[www.avax.network/blog/ava-labs-launches-core-mobile-wallet-the-last-crypto-wallet-youll-ever-need.html]
[www.avax.network/blog/core-adds-multi-language-support-bringing-a-better-web3-experience-to-more-users.html]
[www.avax.network/blog/alibaba-cloud-expands-to-support-validators-and-infrastructure-on-avalanche-public-blockchain.html]
[www.avax.network/blog/numbers-protocol-ushering-in-a-new-era-of-digital-media-trust-with-subnets.html]
[www.avax.network/blog/learn-and-earn-stackup-campaign-now-live-for-web3-devs.html]
[www.avax.network/blog/japanese-media-giant-gree-to-build-web3-games-and-run-nodes-on-avalanche-4.html]
[www.avax.network/terms-of-use.html]
[www.avax.network/important-notice.html]
[www.avax.network/forum-notice-and-disclaimer.html]
[www.avax.network/avalanche-wallet-terms-of-use.html]
[www.avax.network/top-crypto-games-on-avalanche]
[www.avax.network/community.html]
[www.avax.network/evergreen-block-report]
[www.avax.network/blog/meld-leverages-avalanches-subnet-technology-to-enhance-its-defi-offerings]
[www.avax.network/snow-report-archive]
[www.avax.network/category/institutions]
[www.avax.network/category/gaming]
[www.avax.network/category/enterprise]
[www.avax.network/category/education]
[www.avax.network/category/developers]
[www.avax.network/category/platform]
[www.avax.network/blog/artist-spotlight-three-avalanche-creators-drawing-the-nft-future]
[www.avax.network/blog/dexalot-subnet-earns-avalanche-multiverse-incentives-of-up-to-3-million]
[www.avax.network/blog/artist-spotlight-creators-expanding-nft-possibilities]
[www.avax.network/blog/elastic-era-considerations-for-subnet-builders]
[www.avax.network/blog/avalanche-watch-july-edition]
[www.avax.network/blog/blockpay-aims-to-bring-blockchain-payments-to-the-masses]
[www.avax.network/blog/artist-spotlight-the-evolution-of-music-nfts]
[www.avax.network/blog/balancer-deploys-on-avalanche]
[www.avax.network/blog/artist-spotlight-the-next-generation-of-nft-photographers]
[www.avax.network/blog/global-artist-network-hug-embraces-avalanche-foundation]
[www.avax.network/blog/uniswap-amm-pioneer-and-the-largest-dex-launches-on-avalanche]
[www.avax.network/blog/avalanche-watch-june-edition]
[www.avax.network/blog/avaissance-artist-roundtable-mentors-changing-the-nft-world]
[www.avax.network/blog/builder-spotlight-eric-forgy-multiswap-future-of-capital-markets]
[www.avax.network/blog/struct-finance-launches-interest-rate-products-for-institutions-and-retail-on-avalanche]
[www.avax.network/blog/coinbase-users-now-have-the-fastest-path-from-cash-to-defi-with-native-usdc-on-avalanche.html]
